2006 Jun 05 15:10:39  Sendmail not responding.
2006 Sep 29 16:30:32  Sendmail not responding.
2007 Jan 14 12:26:25  Sendmail not responding.
2007 Jan 14 23:32:41  Sendmail not responding.
2007 Jan 14 23:32:48  Sendmail not responding.
2007 Jan 14 23:32:59  Sendmail not responding.
2007 Jan 15 21:35:12  Sendmail not responding.
2007 Jan 17 10:18:18  Sendmail not responding.
2007 Feb 26 23:54:14  Sendmail not responding.
2007 Mar 11 17:24:40  Sendmail not responding.
2007 Mar 11 17:36:31  Sendmail not responding.
2007 Mar 15 03:41:49  Sendmail not responding.
2007 Mar 17 11:00:33  Sendmail not responding.
2007 Mar 17 17:14:45  Sendmail not responding.
2007 Mar 18 03:36:11  Sendmail not responding.
2007 Mar 18 03:36:18  Sendmail not responding.
2007 Mar 18 03:36:24  Sendmail not responding.
2007 Mar 18 03:36:29  Sendmail not responding.
2007 Mar 18 03:36:38  Sendmail not responding.
2007 Mar 18 13:44:31  Sendmail not responding.
2007 Jun 14 21:58:40  Sendmail not responding.
2007 Jun 16 12:08:01  Sendmail not responding.
2007 Jun 25 21:00:46  Sendmail not responding.
2007 Jul 07 22:52:12  Sendmail not responding.
2007 Jul 10 02:02:00  Sendmail not responding.
2007 Aug 16 20:24:41  Sendmail not responding.
2007 Aug 17 23:47:14  Sendmail not responding.
2007 Aug 25 16:51:52  Sendmail not responding.
2007 Aug 30 06:14:12  Sendmail not responding.
2007 Aug 30 15:51:58  Sendmail not responding.
2007 Sep 01 11:11:52  Sendmail not responding.
2007 Sep 06 08:35:14  Sendmail not responding.
2007 Sep 07 23:36:56  Sendmail not responding.
2007 Sep 17 05:24:37  Sendmail not responding.
2007 Sep 17 23:16:29  Sendmail not responding.
2007 Sep 18 23:05:30  Sendmail not responding.
2007 Sep 20 21:57:56  Sendmail not responding.
2007 Sep 21 06:44:45  Sendmail not responding.
2007 Sep 23 12:00:54  Sendmail not responding.
2007 Sep 24 21:58:58  Sendmail not responding.
2007 Sep 30 18:29:46  Sendmail not responding.
2007 Oct 05 13:37:31  Sendmail not responding.
2007 Oct 09 17:21:23  Sendmail not responding.
2007 Oct 09 21:43:28  Sendmail not responding.
2007 Oct 10 00:21:34  Sendmail not responding.
2007 Oct 15 23:33:40  Sendmail not responding.
2007 Oct 17 23:15:48  Sendmail not responding.
2007 Oct 19 18:31:49  Sendmail not responding.
2007 Oct 19 22:38:58  Sendmail not responding.
2007 Oct 23 06:09:53  Sendmail not responding.
2007 Oct 24 10:03:16  Sendmail not responding.
2007 Oct 24 18:01:37  Sendmail not responding.
2007 Oct 25 21:53:16  Sendmail not responding.
2007 Oct 27 01:02:41  Sendmail not responding.
2007 Nov 05 09:05:56  Sendmail not responding.
2007 Nov 05 12:31:23  Sendmail not responding.
2007 Nov 05 12:31:33  Sendmail not responding.
2007 Nov 05 12:31:45  Sendmail not responding.
2007 Dec 23 03:23:27  Sendmail not responding.
2008 Jan 14 22:57:29  Sendmail not responding.
2008 Jan 16 11:05:10  Sendmail not responding.
2008 Feb 05 21:55:23  Sendmail not responding.
2008 Feb 07 21:37:21  Sendmail not responding.
2008 Feb 19 18:03:23  Sendmail not responding.
2008 Apr 03 14:35:46  Sendmail not responding.
2008 Apr 03 15:30:22  Sendmail not responding.
2008 Apr 03 15:31:31  Sendmail not responding.
2008 Apr 03 21:32:15  Sendmail not responding.
2008 Apr 03 23:31:46  Sendmail not responding.
2008 Apr 04 21:23:33  Sendmail not responding.
2008 Apr 05 05:23:33  Sendmail not responding.
2008 Apr 05 15:36:00  Sendmail not responding.
2008 Apr 05 19:33:12  Sendmail not responding.
2008 Apr 06 01:38:37  Sendmail not responding.
2008 Apr 06 04:38:16  Sendmail not responding.
2008 Apr 06 13:32:50  Sendmail not responding.
2008 Apr 06 13:51:31  Sendmail not responding.
2008 Apr 07 04:59:21  Sendmail not responding.
2008 Apr 07 09:33:57  Sendmail not responding.
2008 Apr 07 10:22:13  Sendmail not responding.
2008 Apr 07 13:05:59  Sendmail not responding.
2008 Apr 07 15:49:50  Sendmail not responding.
2008 Apr 07 15:58:19  Sendmail not responding.
2008 Apr 07 16:02:52  Sendmail not responding.
2008 Apr 07 16:03:11  Sendmail not responding.
2008 Apr 07 16:03:49  Sendmail not responding.
2008 Apr 07 16:10:21  Sendmail not responding.
2008 Apr 07 16:15:41  Sendmail not responding.
2008 Apr 07 16:21:31  Sendmail not responding.
2008 Apr 07 17:28:34  Sendmail not responding.
2008 Apr 07 17:48:37  Sendmail not responding.
2008 Apr 07 17:49:36  Sendmail not responding.
2008 Apr 07 17:56:55  Sendmail not responding.
2008 Apr 07 18:08:33  Sendmail not responding.
2008 Apr 07 18:21:29  Sendmail not responding.
2008 Apr 07 18:28:04  Sendmail not responding.
2008 Apr 07 18:54:33  Sendmail not responding.
2008 Apr 07 18:56:46  Sendmail not responding.
2008 Apr 07 19:01:08  Sendmail not responding.
2008 Apr 07 19:07:56  Sendmail not responding.
2008 Apr 07 19:13:42  Sendmail not responding.
2008 Apr 07 19:30:50  Sendmail not responding.
2008 Apr 07 20:17:59  Sendmail not responding.
2008 Apr 07 20:55:58  Sendmail not responding.
2008 Apr 07 21:11:10  Sendmail not responding.
2008 Apr 07 22:20:48  Sendmail not responding.
2008 Apr 08 01:43:46  Sendmail not responding.
2008 Apr 08 02:21:18  Sendmail not responding.
2008 Apr 08 02:32:10  Sendmail not responding.
2008 Apr 08 04:06:46  Sendmail not responding.
2008 Apr 08 08:11:06  Sendmail not responding.
2008 Apr 08 09:06:25  Sendmail not responding.
2008 Apr 08 09:11:45  Sendmail not responding.
2008 Apr 08 10:29:36  Sendmail not responding.
2008 Apr 10 04:22:02  Sendmail not responding.
2008 Apr 13 00:34:39  Sendmail not responding.
2008 Apr 14 23:42:18  Sendmail not responding.
2008 Jun 21 21:07:24  Sendmail not responding.
2008 Jul 07 21:42:19  Sendmail not responding.
2008 Jul 10 23:18:47  Sendmail not responding.
2008 Jul 17 13:31:07  Sendmail not responding.
2008 Jul 18 17:29:54  Sendmail not responding.
2008 Jul 20 13:39:34  Sendmail not responding.
2008 Jul 28 04:12:03  Sendmail not responding.
2008 Aug 01 20:28:25  Sendmail not responding.
2008 Aug 01 22:30:18  Sendmail not responding.
2008 Sep 03 17:20:33  Sendmail not responding.
2008 Oct 10 12:29:34  Sendmail not responding.
2008 Oct 21 01:11:58  Sendmail not responding.
2008 Oct 27 23:32:27  Sendmail not responding.
2008 Nov 04 13:54:12  Sendmail not responding.
2008 Nov 18 08:56:50  Sendmail not responding.
2008 Nov 18 21:53:40  Sendmail not responding.
2008 Nov 20 03:02:09  Sendmail not responding.
2008 Dec 12 22:31:06  Sendmail not responding.
2008 Dec 13 06:03:36  Sendmail not responding.
2009 Jan 24 07:28:17  Sendmail not responding.
2009 Jan 24 09:34:20  Sendmail not responding.
2009 Jan 24 11:34:31  Sendmail not responding.
2009 Mar 27 00:24:14  Sendmail not responding.
2009 Apr 16 16:41:34  Sendmail not responding.
2009 May 03 22:33:04  Sendmail not responding.
2009 Jun 04 21:03:37  Sendmail not responding.
2009 Jun 18 02:18:47  sendmail cannot access member status file: No such file or directory
2009 Jun 18 03:31:54  sendmail cannot access member status file: No such file or directory
2009 Jun 18 09:02:18  sendmail cannot access member status file: No such file or directory
2009 Jun 18 10:19:47  sendmail cannot access member status file: No such file or directory
2009 Jun 18 14:28:02  sendmail cannot access member status file: No such file or directory
2009 Jun 18 21:35:56  sendmail cannot access member status file: No such file or directory
2009 Jun 18 22:06:14  sendmail cannot access member status file: No such file or directory
2009 Jun 19 00:57:53  sendmail cannot access member status file: No such file or directory
2009 Jun 19 02:24:25  sendmail cannot access member status file: No such file or directory
2009 Jun 19 02:34:20  sendmail cannot access member status file: No such file or directory
2009 Jun 19 09:29:05  sendmail cannot access member status file: No such file or directory
2009 Jun 19 10:38:50  sendmail cannot access member status file: No such file or directory
2009 Jun 19 13:44:12  sendmail cannot access member status file: No such file or directory
2009 Jun 19 15:33:50  sendmail cannot access member status file: No such file or directory
2009 Jul 04 07:05:16  Sendmail not responding.
2010 May 06 19:10:19  Sendmail not responding.
2010 Jul 15 14:14:40  Sendmail not responding.
2010 Aug 30 18:51:31  Sendmail not responding.
2010 Sep 03 22:42:19  Sendmail not responding.
2010 Sep 06 08:49:59  Sendmail not responding.
2010 Sep 09 16:05:41  Sendmail not responding.
2010 Sep 09 17:54:12  Sendmail not responding.
2010 Sep 20 05:19:04  Sendmail not responding.
2010 Sep 21 08:16:31  Sendmail not responding.
2010 Sep 21 15:39:36  Sendmail not responding.
2010 Sep 23 18:10:13  Sendmail not responding.
2010 Sep 28 19:24:03  Sendmail not responding.
2010 Sep 30 21:33:38  Sendmail not responding.
2010 Oct 18 07:39:51  Sendmail not responding.
2010 Oct 27 01:30:04  Sendmail not responding.
2010 Oct 28 23:27:04  Sendmail not responding.
2010 Oct 29 02:43:42  Sendmail not responding.
2010 Oct 30 14:14:30  Sendmail not responding.
2010 Nov 07 02:44:53  Sendmail not responding.
2010 Nov 08 23:01:46  Sendmail not responding.
2010 Nov 09 01:27:55  Sendmail not responding.
2010 Nov 09 21:51:25  Sendmail not responding.
2010 Nov 11 07:17:31  Sendmail not responding.
2010 Nov 11 08:29:08  Sendmail not responding.
2010 Nov 11 09:42:09  Sendmail not responding.
2010 Nov 11 13:07:49  Sendmail not responding.
2010 Nov 11 15:44:16  Sendmail not responding.
2010 Nov 12 02:13:18  Sendmail not responding.
2010 Nov 12 02:29:37  Sendmail not responding.
2010 Nov 12 02:39:10  Sendmail not responding.
2010 Nov 12 02:43:20  Sendmail not responding.
2010 Nov 12 13:15:33  Sendmail not responding.
2010 Nov 14 14:29:38  Sendmail not responding.
2010 Dec 03 10:31:14  Sendmail not responding.
2010 Dec 06 11:59:56  Sendmail not responding.
2010 Dec 14 21:59:19  Sendmail not responding.
2010 Dec 15 16:53:23  Sendmail not responding.
2010 Dec 18 00:34:12  Sendmail not responding.
2010 Dec 18 15:43:52  Sendmail not responding.
2010 Dec 19 23:25:44  Sendmail not responding.
2010 Dec 20 06:59:04  Sendmail not responding.
2010 Dec 20 12:38:02  Sendmail not responding.
2010 Dec 21 09:16:32  Sendmail not responding.
2010 Dec 22 03:28:49  Sendmail not responding.
2011 Jan 02 22:23:31  Sendmail not responding.
2011 Jan 24 17:24:45  Sendmail not responding.
2011 Feb 28 05:33:20  Result: 4
2011 Feb 28 05:33:20  Unable to access member status file. Message not sent.
2011 Mar 02 09:29:46  Sendmail not responding.
2011 Mar 07 06:35:39  Sendmail not responding.
2011 Mar 07 15:48:48  Sendmail not responding.
2011 Mar 08 18:55:52  Sendmail not responding.
2011 Mar 08 19:04:22  Sendmail not responding.
2011 Mar 08 19:04:24  Sendmail not responding.
2011 Mar 08 19:04:39  Sendmail not responding.
2011 Mar 09 20:11:21  Sendmail not responding.
2011 Mar 09 20:40:50  Sendmail not responding.
2011 Mar 09 21:51:20  Sendmail not responding.
2011 Mar 09 21:51:24  Sendmail not responding.
2011 Mar 09 21:51:43  Sendmail not responding.
2011 Mar 15 03:47:21  Sendmail not responding.
2011 Mar 19 08:05:54  Sendmail not responding.
2011 Mar 21 12:07:32  Sendmail not responding.
2011 Mar 28 17:24:05  Sendmail not responding.
2011 Mar 30 05:54:49  Sendmail not responding.
2019 Nov 04 03:20:36  Result: 9
2019 Nov 04 03:20:36  From address not in member domain. Message not sent.
